[2014-12-11 22:57:27] __rvm_package_extract
__rvm_package_extract () 
{ 
    rvm_debug __rvm_package_extract:$#: "$@";
    typeset __tempdir __path __file __return;
    __return=0;
    __tempdir="$( TMPDIR="${rvm_tmp_path}" mktemp -d -t rvm-tmp.XXXXXXXXX )";
    __rvm_package_extract_run "$1" "$__tempdir" || __return=$?;
    if (( __return == 0 )); then
        for __path in "$__tempdir"/*;
        do
            __file="${__path##*/}";
            if [[ -n "${__file}" && -e "$2/${__file}" ]]; then
                \command \rm -rf "$2/${__file}" || __return=$?;
            fi;
            \command \mv -f "${__path}" "$2/" || __return=$?;
        done;
    fi;
    if [[ -n "$__tempdir" ]]; then
        \command \rm -rf "$__tempdir";
    fi;
    return $__return
}
current path: /Users/abalonperin/dotfiles/rvm/rvm/src/ruby-1.8.7-p374
GEM_HOME=/Users/abalonperin/dotfiles/rvm/rvm/gems/ruby-2.1.2
PATH=/Users/abalonperin/dotfiles/rvm/rvm/usr/bin:/usr/local/opt/pkg-config/bin:/usr/local/opt/libtool/bin:/usr/local/opt/automake/bin:/usr/local/opt/autoconf/bin:/Users/abalonperin/dotfiles/rvm/rvm/gems/ruby-2.1.2/bin:/Users/abalonperin/dotfiles/rvm/rvm/rubies/ruby-2.1.2/bin:/Users/abalonperin/dotfiles/rvm/rvm/bin:/Users/abalonperin/bin:/usr/local/bin:/usr/local/sbin:/opt/local/bin:/opt/local/sbin:/usr/bin:/bin:/usr/sbin:/sbin:/usr/local/bin:/usr/local/MacGPG2/bin
GEM_PATH=/Users/abalonperin/dotfiles/rvm/rvm/gems/ruby-2.1.2
command(3): __rvm_package_extract /Users/abalonperin/dotfiles/rvm/rvm/archives/rubygems-2.0.14.tgz /Users/abalonperin/dotfiles/rvm/rvm/src
+++ rvm_debug __rvm_package_extract:2: /Users/abalonperin/dotfiles/rvm/rvm/archives/rubygems-2.0.14.tgz /Users/abalonperin/dotfiles/rvm/rvm/src
+++ ((  0  ))
+++ return 0
+++ typeset __tempdir __path __file __return
+++ __return=0
++++ TMPDIR=/Users/abalonperin/dotfiles/rvm/rvm/tmp
++++ mktemp -d -t rvm-tmp.XXXXXXXXX
+++ __tempdir=/Users/abalonperin/dotfiles/rvm/rvm/tmp/rvm-tmp.XXXXXXXXX.TykrBnuN
+++ __rvm_package_extract_run /Users/abalonperin/dotfiles/rvm/rvm/archives/rubygems-2.0.14.tgz /Users/abalonperin/dotfiles/rvm/rvm/tmp/rvm-tmp.XXXXXXXXX.TykrBnuN
+++ [[    != *\ \-\-\n\o\-\s\a\m\e\-\o\w\n\e\r\ * ]]
+++ __rvm_tar --help
+++ __rvm_grep -- --no-same-owner
+++ GREP_OPTIONS=
+++ command grep -- --no-same-owner
+++ grep -- --no-same-owner
+++ return 1
+++ [[ -d /Users/abalonperin/dotfiles/rvm/rvm/tmp/rvm-tmp.XXXXXXXXX.TykrBnuN ]]
+++ case "$1" in
+++ [[ -n '' ]]
+++ __rvm_tar xzf /Users/abalonperin/dotfiles/rvm/rvm/archives/rubygems-2.0.14.tgz -C /Users/abalonperin/dotfiles/rvm/rvm/tmp/rvm-tmp.XXXXXXXXX.TykrBnuN
+++ tar xzf /Users/abalonperin/dotfiles/rvm/rvm/archives/rubygems-2.0.14.tgz -C /Users/abalonperin/dotfiles/rvm/rvm/tmp/rvm-tmp.XXXXXXXXX.TykrBnuN
+++ __rvm_fix_group_permissions /Users/abalonperin/dotfiles/rvm/rvm/tmp/rvm-tmp.XXXXXXXXX.TykrBnuN/rubygems-2.0.14
+++ umask -S
+++ __rvm_grep g=rw
+++ GREP_OPTIONS=
+++ command grep g=rw
+++ grep g=rw
+++ return 1
+++ ((  __return == 0  ))
+++ for __path in '"$__tempdir"/*'
+++ __file=rubygems-2.0.14
+++ [[ -n rubygems-2.0.14 ]]
+++ [[ -e /Users/abalonperin/dotfiles/rvm/rvm/src/rubygems-2.0.14 ]]
+++ command rm -rf /Users/abalonperin/dotfiles/rvm/rvm/src/rubygems-2.0.14
+++ rm -rf /Users/abalonperin/dotfiles/rvm/rvm/src/rubygems-2.0.14
+++ command mv -f /Users/abalonperin/dotfiles/rvm/rvm/tmp/rvm-tmp.XXXXXXXXX.TykrBnuN/rubygems-2.0.14 /Users/abalonperin/dotfiles/rvm/rvm/src/
+++ mv -f /Users/abalonperin/dotfiles/rvm/rvm/tmp/rvm-tmp.XXXXXXXXX.TykrBnuN/rubygems-2.0.14 /Users/abalonperin/dotfiles/rvm/rvm/src/
+++ [[ -n /Users/abalonperin/dotfiles/rvm/rvm/tmp/rvm-tmp.XXXXXXXXX.TykrBnuN ]]
+++ command rm -rf /Users/abalonperin/dotfiles/rvm/rvm/tmp/rvm-tmp.XXXXXXXXX.TykrBnuN
+++ rm -rf /Users/abalonperin/dotfiles/rvm/rvm/tmp/rvm-tmp.XXXXXXXXX.TykrBnuN
+++ return 0
