[2014-08-01 17:25:48] requirements_osx_brew_update_system
requirements_osx_brew_update_system () 
{ 
    if __rvm_version_compare "${_system_version}" -ge 10.7; then
        __rvm_detect_xcode_version_at_least 4.6.2 || __CLT_version_at_least 4.6.0 || { 
            typeset ret=$?;
            rvm_error "
Xcode version older than 4.6.2 installed, download and install newer version from:

    http://connect.apple.com

After installation open Xcode, go to Downloads and install Command Line Tools.
";
            return $ret
        };
    fi;
    brew update || { 
        typeset ret=$?;
        rvm_error "Failed to update Homebrew, follow instructions here:
    https://github.com/Homebrew/homebrew/wiki/Common-Issues
and make sure \`brew update\` works before continuing.";
        return $ret
    }
}
current path: /web/admin
GEM_HOME=/Users/abalonperin/dotfiles/rvm/rvm/gems/ruby-2.1.2
PATH=/Users/abalonperin/dotfiles/rvm/rvm/gems/ruby-2.1.2/bin:/Users/abalonperin/dotfiles/rvm/rvm/rubies/ruby-2.1.2/bin:/Users/abalonperin/dotfiles/rvm/rvm/bin:/usr/local/bin:/usr/bin:/bin:/usr/sbin:/sbin
GEM_PATH=/Users/abalonperin/dotfiles/rvm/rvm/gems/ruby-2.1.2
command(2): requirements_osx_brew_update_system ruby-1.8.7-head
++ __rvm_version_compare 10.9 -ge 10.7
++ typeset first
+++ printf %b '10.9\n10.7\n'
+++ __rvm_version_sort
+++ command head -n1
+++ head -n1
+++ LC_ALL=C
+++ sort -t. -k 1,1n -k 2,2n -k 3,3n -k 4,4n -k 5,5n
++ first=10.7
++ case "$2" in
++ [[ 10.7 == \h\e\a\d ]]
++ [[ 10.7 == \1\0\.\7 ]]
++ return 0
++ __rvm_detect_xcode_version_at_least 4.6.2
+++ __rvm_detect_xcode_version
+++ typeset version_file
+++ for version_file in /Applications/Xcode.app/Contents/version.plist /Developer/Applications/Xcode.app/Contents/version.plist
+++ [[ -f /Applications/Xcode.app/Contents/version.plist ]]
+++ [[ -x /usr/libexec/PlistBuddy ]]
+++ /usr/libexec/PlistBuddy -c 'Print CFBundleShortVersionString' /Applications/Xcode.app/Contents/version.plist
+++ return 0
++ typeset __xcode_version=5.1.1
++ [[ -n 5.1.1 ]]
++ __rvm_version_compare 5.1.1 -ge 4.6.2
++ typeset first
+++ printf %b '5.1.1\n4.6.2\n'
+++ __rvm_version_sort
+++ command head -n1
+++ head -n1
+++ LC_ALL=C
+++ sort -t. -k 1,1n -k 2,2n -k 3,3n -k 4,4n -k 5,5n
++ first=4.6.2
++ case "$2" in
++ [[ 4.6.2 == \h\e\a\d ]]
++ [[ 4.6.2 == \4\.\6\.\2 ]]
++ return 0
++ true
++ brew update
error: Your local changes to the following files would be overwritten by merge:
	Library/Formula/imagemagick.rb
Please, commit your changes or stash them before you can merge.
Aborting
Error: Failure while executing: git pull -q origin refs/heads/master:refs/remotes/origin/master
++ typeset ret=1
++ rvm_error 'Failed to update Homebrew, follow instructions here:
    https://github.com/Homebrew/homebrew/wiki/Common-Issues
and make sure `brew update` works before continuing.'
++ rvm_pretty_print stderr
++ case "${rvm_pretty_print_flag:=auto}" in
++ case "${TERM:-dumb}" in
++ case "$1" in
++ [[ -t 2 ]]
++ return 1
++ printf %b 'Failed to update Homebrew, follow instructions here:
    https://github.com/Homebrew/homebrew/wiki/Common-Issues
and make sure `brew update` works before continuing.\n'
Failed to update Homebrew, follow instructions here:
    https://github.com/Homebrew/homebrew/wiki/Common-Issues
and make sure `brew update` works before continuing.
++ return 1
