[2014-01-15 18:41:32] rubygems_remove
rubygems_remove () 
{ 
    typeset rubygems_path __ruby entry;
    rvm_log "Removing old Rubygems files...";
    case "$rvm_ruby_string" in 
        rbx-*)
            __ruby="['prefix']"
        ;;
        *)
            __ruby=".values_at('sitelibdir','vendorlibdir').detect{ |path| File.directory?(File.join(path.to_s, 'rubygems')) }.to_s"
        ;;
    esac;
    rubygems_path="$(${1:-ruby} -rrbconfig -e "puts ::Kernel.const_get('RbConfig')::CONFIG${ruby__}")";
    entries=("${rubygems_path}/ubygems.rb" "${rubygems_path}/gauntlet_rubygems.rb" "${rubygems_path}/rbconfig/");
    for entry in "${entries[@]}" "${rubygems_path}/rubygems"*;
    do
        __rvm_rm_rf "$entry";
    done
}
current path: /Users/abalonperin/dev/admin
GEM_HOME=/Users/abalonperin/.rvm/gems/ruby-1.8.7-p374
PATH=/Users/abalonperin/.rvm/gems/ruby-1.8.7-p374/bin:/Users/abalonperin/.rvm/rubies/ruby-1.8.7-p374/bin:/Users/abalonperin/.rvm/bin:/usr/bin:/bin:/usr/sbin:/sbin:/usr/local/bin
GEM_PATH=/Users/abalonperin/.rvm/gems/ruby-1.8.7-p374
command(2): rubygems_remove /Users/abalonperin/.rvm/rubies/ruby-1.8.7-p374/bin/ruby
Removing old Rubygems files...
