[2014-01-15 18:41:32] __rvm_package_extract
__rvm_package_extract () 
{ 
    rvm_debug __rvm_package_extract:$#: "$@";
    typeset __tempdir __path __file __return;
    __return=0;
    __tempdir="$( TMPDIR="${rvm_tmp_path}" mktemp -d -t rvm-tmp.XXXXXXXXX )";
    __rvm_package_extract_run "$1" "$__tempdir" || __return=$?;
    if (( __return == 0 )); then
        for __path in "$__tempdir"/*;
        do
            __file="${__path##*/}";
            if [[ -n "${__file}" && -e "$2/${__file}" ]]; then
                \rm -rf "$2/${__file}" || __return=$?;
            fi;
            \mv -f "${__path}" "$2/" || __return=$?;
        done;
    fi;
    if [[ -n "$__tempdir" ]]; then
        \rm -rf "$__tempdir";
    fi;
    return $__return
}
current path: /Users/abalonperin/dev/admin
GEM_HOME=/Users/abalonperin/.rvm/gems/ruby-1.8.7-p374
PATH=/Users/abalonperin/.rvm/gems/ruby-1.8.7-p374/bin:/Users/abalonperin/.rvm/rubies/ruby-1.8.7-p374/bin:/Users/abalonperin/.rvm/bin:/usr/bin:/bin:/usr/sbin:/sbin:/usr/local/bin
GEM_PATH=/Users/abalonperin/.rvm/gems/ruby-1.8.7-p374
command(3): __rvm_package_extract /Users/abalonperin/.rvm/archives/rubygems-1.8.25.tgz /Users/abalonperin/.rvm/src
