[2014-12-11 23:02:40] /Users/abalonperin/dotfiles/rvm/rvm/rubies/ruby-1.8.7-head/bin/ruby
current path: /Users/abalonperin/dotfiles/rvm/rvm/src/rubygems-1.8.29
GEM_HOME=/Users/abalonperin/dotfiles/rvm/rvm/gems/ruby-1.8.7-head
PATH=/Users/abalonperin/dotfiles/rvm/rvm/gems/ruby-1.8.7-head/bin:/Users/abalonperin/dotfiles/rvm/rvm/rubies/ruby-1.8.7-head/bin:/Users/abalonperin/dotfiles/rvm/rvm/bin:/Users/abalonperin/bin:/usr/local/bin:/usr/local/sbin:/opt/local/bin:/opt/local/sbin:/usr/bin:/bin:/usr/sbin:/sbin:/usr/local/bin:/usr/local/MacGPG2/bin
GEM_PATH=/Users/abalonperin/dotfiles/rvm/rvm/gems/ruby-1.8.7-head
command(8): env GEM_HOME=/Users/abalonperin/dotfiles/rvm/rvm/gems/ruby-1.8.7-head@global GEM_PATH= /Users/abalonperin/dotfiles/rvm/rvm/rubies/ruby-1.8.7-head/bin/ruby -d /Users/abalonperin/dotfiles/rvm/rvm/src/rubygems-1.8.29/setup.rb --no-ri --no-rdoc
Exception `LoadError' at ./lib/rubygems.rb:1264 - no such file to load -- rubygems/defaults/operating_system
Exception `NoMethodError' at ./lib/rubygems/config_file.rb:53 - undefined method `sysconfdir' for Etc:Module
Exception `LoadError' at ./lib/rubygems/custom_require.rb:36 - no such file to load -- Win32API
Exception `LoadError' at ./lib/rubygems/custom_require.rb:63 - no such file to load -- Win32API
Exception `Gem::LoadError' at ./lib/rubygems/dependency.rb:247 - Could not find psych (>= 1.2.1, ~> 1.2) amongst []
Exception `LoadError' at ./lib/rubygems/custom_require.rb:36 - no such file to load -- psych
Exception `LoadError' at ./lib/rubygems/custom_require.rb:63 - no such file to load -- psych
Exception `NoMethodError' at /Users/abalonperin/dotfiles/rvm/rvm/rubies/ruby-1.8.7-head/lib/ruby/1.8/rational.rb:78 - undefined method `gcd' for Rational(1, 2):Rational
Exception `NameError' at ./lib/rubygems/syck_hack.rb:42 - method `to_s' not defined in YAML::Syck::DefaultKey
Exception `NameError' at ./lib/rubygems/command_manager.rb:177 - uninitialized constant Gem::Commands::SetupCommand
Exception `LoadError' at ./lib/rubygems/custom_require.rb:36 - no such file to load -- Win32API
Exception `LoadError' at ./lib/rubygems/custom_require.rb:63 - no such file to load -- Win32API
Exception `Errno::EEXIST' at /Users/abalonperin/dotfiles/rvm/rvm/rubies/ruby-1.8.7-head/lib/ruby/1.8/fileutils.rb:243 - File exists - /Users/abalonperin/dotfiles/rvm/rvm/rubies/ruby-1.8.7-head/lib/ruby/site_ruby/1.8
Exception `Errno::EEXIST' at /Users/abalonperin/dotfiles/rvm/rvm/rubies/ruby-1.8.7-head/lib/ruby/1.8/fileutils.rb:243 - File exists - /Users/abalonperin/dotfiles/rvm/rvm/rubies/ruby-1.8.7-head/bin
Exception `Errno::ENOENT' at /Users/abalonperin/dotfiles/rvm/rvm/rubies/ruby-1.8.7-head/lib/ruby/1.8/fileutils.rb:1427 - No such file or directory - /Users/abalonperin/dotfiles/rvm/rvm/rubies/ruby-1.8.7-head/lib/ruby/site_ruby/1.8/rbconfig/datadir.rb
Exception `Errno::ENOENT' at /Users/abalonperin/dotfiles/rvm/rvm/rubies/ruby-1.8.7-head/lib/ruby/1.8/fileutils.rb:1304 - No such file or directory - /Users/abalonperin/dotfiles/rvm/rvm/rubies/ruby-1.8.7-head/lib/ruby/site_ruby/1.8/rbconfig/datadir.rb
Exception `Errno::ENOENT' at /Users/abalonperin/dotfiles/rvm/rvm/rubies/ruby-1.8.7-head/lib/ruby/1.8/fileutils.rb:1427 - No such file or directory - /Users/abalonperin/dotfiles/rvm/rvm/rubies/ruby-1.8.7-head/lib/ruby/site_ruby/1.8/rubygems/builder.rb
Exception `Errno::ENOENT' at /Users/abalonperin/dotfiles/rvm/rvm/rubies/ruby-1.8.7-head/lib/ruby/1.8/fileutils.rb:1304 - No such file or directory - /Users/abalonperin/dotfiles/rvm/rvm/rubies/ruby-1.8.7-head/lib/ruby/site_ruby/1.8/rubygems/builder.rb
Exception `Errno::ENOENT' at /Users/abalonperin/dotfiles/rvm/rvm/rubies/ruby-1.8.7-head/lib/ruby/1.8/fileutils.rb:1427 - No such file or directory - /Users/abalonperin/dotfiles/rvm/rvm/rubies/ruby-1.8.7-head/lib/ruby/site_ruby/1.8/rubygems/custom_require.rb
Exception `Errno::ENOENT' at /Users/abalonperin/dotfiles/rvm/rvm/rubies/ruby-1.8.7-head/lib/ruby/1.8/fileutils.rb:1304 - No such file or directory - /Users/abalonperin/dotfiles/rvm/rvm/rubies/ruby-1.8.7-head/lib/ruby/site_ruby/1.8/rubygems/custom_require.rb
Exception `Errno::ENOENT' at /Users/abalonperin/dotfiles/rvm/rvm/rubies/ruby-1.8.7-head/lib/ruby/1.8/fileutils.rb:1427 - No such file or directory - /Users/abalonperin/dotfiles/rvm/rvm/rubies/ruby-1.8.7-head/lib/ruby/site_ruby/1.8/rubygems/doc_manager.rb
Exception `Errno::ENOENT' at /Users/abalonperin/dotfiles/rvm/rvm/rubies/ruby-1.8.7-head/lib/ruby/1.8/fileutils.rb:1304 - No such file or directory - /Users/abalonperin/dotfiles/rvm/rvm/rubies/ruby-1.8.7-head/lib/ruby/site_ruby/1.8/rubygems/doc_manager.rb
Exception `Errno::ENOENT' at /Users/abalonperin/dotfiles/rvm/rvm/rubies/ruby-1.8.7-head/lib/ruby/1.8/fileutils.rb:1427 - No such file or directory - /Users/abalonperin/dotfiles/rvm/rvm/rubies/ruby-1.8.7-head/lib/ruby/site_ruby/1.8/rubygems/format.rb
Exception `Errno::ENOENT' at /Users/abalonperin/dotfiles/rvm/rvm/rubies/ruby-1.8.7-head/lib/ruby/1.8/fileutils.rb:1304 - No such file or directory - /Users/abalonperin/dotfiles/rvm/rvm/rubies/ruby-1.8.7-head/lib/ruby/site_ruby/1.8/rubygems/format.rb
Exception `Errno::ENOENT' at /Users/abalonperin/dotfiles/rvm/rvm/rubies/ruby-1.8.7-head/lib/ruby/1.8/fileutils.rb:1427 - No such file or directory - /Users/abalonperin/dotfiles/rvm/rvm/rubies/ruby-1.8.7-head/lib/ruby/site_ruby/1.8/rubygems/gem_openssl.rb
Exception `Errno::ENOENT' at /Users/abalonperin/dotfiles/rvm/rvm/rubies/ruby-1.8.7-head/lib/ruby/1.8/fileutils.rb:1304 - No such file or directory - /Users/abalonperin/dotfiles/rvm/rvm/rubies/ruby-1.8.7-head/lib/ruby/site_ruby/1.8/rubygems/gem_openssl.rb
Exception `Errno::ENOENT' at /Users/abalonperin/dotfiles/rvm/rvm/rubies/ruby-1.8.7-head/lib/ruby/1.8/fileutils.rb:1427 - No such file or directory - /Users/abalonperin/dotfiles/rvm/rvm/rubies/ruby-1.8.7-head/lib/ruby/site_ruby/1.8/rubygems/gem_path_searcher.rb
Exception `Errno::ENOENT' at /Users/abalonperin/dotfiles/rvm/rvm/rubies/ruby-1.8.7-head/lib/ruby/1.8/fileutils.rb:1304 - No such file or directory - /Users/abalonperin/dotfiles/rvm/rvm/rubies/ruby-1.8.7-head/lib/ruby/site_ruby/1.8/rubygems/gem_path_searcher.rb
Exception `Errno::ENOENT' at /Users/abalonperin/dotfiles/rvm/rvm/rubies/ruby-1.8.7-head/lib/ruby/1.8/fileutils.rb:1427 - No such file or directory - /Users/abalonperin/dotfiles/rvm/rvm/rubies/ruby-1.8.7-head/lib/ruby/site_ruby/1.8/rubygems/old_format.rb
Exception `Errno::ENOENT' at /Users/abalonperin/dotfiles/rvm/rvm/rubies/ruby-1.8.7-head/lib/ruby/1.8/fileutils.rb:1304 - No such file or directory - /Users/abalonperin/dotfiles/rvm/rvm/rubies/ruby-1.8.7-head/lib/ruby/site_ruby/1.8/rubygems/old_format.rb
Exception `Errno::ENOENT' at /Users/abalonperin/dotfiles/rvm/rvm/rubies/ruby-1.8.7-head/lib/ruby/1.8/fileutils.rb:1427 - No such file or directory - /Users/abalonperin/dotfiles/rvm/rvm/rubies/ruby-1.8.7-head/lib/ruby/site_ruby/1.8/rubygems/package/f_sync_dir.rb
Exception `Errno::ENOENT' at /Users/abalonperin/dotfiles/rvm/rvm/rubies/ruby-1.8.7-head/lib/ruby/1.8/fileutils.rb:1304 - No such file or directory - /Users/abalonperin/dotfiles/rvm/rvm/rubies/ruby-1.8.7-head/lib/ruby/site_ruby/1.8/rubygems/package/f_sync_dir.rb
Exception `Errno::ENOENT' at /Users/abalonperin/dotfiles/rvm/rvm/rubies/ruby-1.8.7-head/lib/ruby/1.8/fileutils.rb:1427 - No such file or directory - /Users/abalonperin/dotfiles/rvm/rvm/rubies/ruby-1.8.7-head/lib/ruby/site_ruby/1.8/rubygems/package/tar_input.rb
Exception `Errno::ENOENT' at /Users/abalonperin/dotfiles/rvm/rvm/rubies/ruby-1.8.7-head/lib/ruby/1.8/fileutils.rb:1304 - No such file or directory - /Users/abalonperin/dotfiles/rvm/rvm/rubies/ruby-1.8.7-head/lib/ruby/site_ruby/1.8/rubygems/package/tar_input.rb
Exception `Errno::ENOENT' at /Users/abalonperin/dotfiles/rvm/rvm/rubies/ruby-1.8.7-head/lib/ruby/1.8/fileutils.rb:1427 - No such file or directory - /Users/abalonperin/dotfiles/rvm/rvm/rubies/ruby-1.8.7-head/lib/ruby/site_ruby/1.8/rubygems/package/tar_output.rb
Exception `Errno::ENOENT' at /Users/abalonperin/dotfiles/rvm/rvm/rubies/ruby-1.8.7-head/lib/ruby/1.8/fileutils.rb:1304 - No such file or directory - /Users/abalonperin/dotfiles/rvm/rvm/rubies/ruby-1.8.7-head/lib/ruby/site_ruby/1.8/rubygems/package/tar_output.rb
Exception `Errno::ENOENT' at /Users/abalonperin/dotfiles/rvm/rvm/rubies/ruby-1.8.7-head/lib/ruby/1.8/fileutils.rb:1427 - No such file or directory - /Users/abalonperin/dotfiles/rvm/rvm/rubies/ruby-1.8.7-head/lib/ruby/site_ruby/1.8/rubygems/require_paths_builder.rb
Exception `Errno::ENOENT' at /Users/abalonperin/dotfiles/rvm/rvm/rubies/ruby-1.8.7-head/lib/ruby/1.8/fileutils.rb:1304 - No such file or directory - /Users/abalonperin/dotfiles/rvm/rvm/rubies/ruby-1.8.7-head/lib/ruby/site_ruby/1.8/rubygems/require_paths_builder.rb
Exception `Errno::ENOENT' at /Users/abalonperin/dotfiles/rvm/rvm/rubies/ruby-1.8.7-head/lib/ruby/1.8/fileutils.rb:1427 - No such file or directory - /Users/abalonperin/dotfiles/rvm/rvm/rubies/ruby-1.8.7-head/lib/ruby/site_ruby/1.8/rubygems/source_index.rb
Exception `Errno::ENOENT' at /Users/abalonperin/dotfiles/rvm/rvm/rubies/ruby-1.8.7-head/lib/ruby/1.8/fileutils.rb:1304 - No such file or directory - /Users/abalonperin/dotfiles/rvm/rvm/rubies/ruby-1.8.7-head/lib/ruby/site_ruby/1.8/rubygems/source_index.rb
Exception `Gem::InstallError' at ./lib/rubygems/uninstaller.rb:73 - gem "gemcutter" is not installed
RubyGems 1.8.29 installed

== 1.8.29 / 2013-11-23

Bug fixes:

* Fixed installation when the LANG environment variable is empty.
* Added DigiCert High Assurance EV Root CA to the default SSL certificates for
  cloudfront.


------------------------------------------------------------------------------

RubyGems installed the following executables:
	/Users/abalonperin/dotfiles/rvm/rvm/rubies/ruby-1.8.7-head/bin/gem

