[2014-08-01 17:22:05] alias_create_exceute
alias_create_exceute () 
{ 
    for _path in "$rvm_rubies_path" "$rvm_environments_path" "$rvm_wrappers_path";
    do
        if [[ -L "$_path/$alias_name" ]]; then
            \rm -fv "$_path/$alias_name" || return $?;
        fi;
        \ln -fs "$_path/$rvm_ruby_string" "$_path/$alias_name" || return $?;
    done;
    __rvm_db_ "$rvm_path/config/alias" "$alias_name" "$rvm_ruby_string"
}
current path: /Users/abalonperin
GEM_HOME=/Users/abalonperin/dotfiles/rvm/rvm/gems/ruby-2.1.2
PATH=/Users/abalonperin/dotfiles/rvm/rvm/gems/ruby-2.1.2/bin:/Users/abalonperin/dotfiles/rvm/rvm/rubies/ruby-2.1.2/bin:/Users/abalonperin/dotfiles/rvm/rvm/bin:/usr/local/bin:/usr/bin:/bin:/usr/sbin:/sbin
GEM_PATH=/Users/abalonperin/dotfiles/rvm/rvm/gems/ruby-2.1.2
command(1): alias_create_exceute
+ for _path in '"$rvm_rubies_path"' '"$rvm_environments_path"' '"$rvm_wrappers_path"'
+ [[ -L /Users/abalonperin/dotfiles/rvm/rvm/rubies/default ]]
+ ln -fs /Users/abalonperin/dotfiles/rvm/rvm/rubies/ruby-2.1.2 /Users/abalonperin/dotfiles/rvm/rvm/rubies/default
+ for _path in '"$rvm_rubies_path"' '"$rvm_environments_path"' '"$rvm_wrappers_path"'
+ [[ -L /Users/abalonperin/dotfiles/rvm/rvm/environments/default ]]
+ ln -fs /Users/abalonperin/dotfiles/rvm/rvm/environments/ruby-2.1.2 /Users/abalonperin/dotfiles/rvm/rvm/environments/default
+ for _path in '"$rvm_rubies_path"' '"$rvm_environments_path"' '"$rvm_wrappers_path"'
+ [[ -L /Users/abalonperin/dotfiles/rvm/rvm/wrappers/default ]]
+ ln -fs /Users/abalonperin/dotfiles/rvm/rvm/wrappers/ruby-2.1.2 /Users/abalonperin/dotfiles/rvm/rvm/wrappers/default
+ __rvm_db_ /Users/abalonperin/dotfiles/rvm/rvm/config/alias default ruby-2.1.2
+ typeset __db __key __value
+ __db=/Users/abalonperin/dotfiles/rvm/rvm/config/alias
+ __key=default
+ shift 2
+ __value=ruby-2.1.2
+ case "${__value}" in
+ __rvm_db_add /Users/abalonperin/dotfiles/rvm/rvm/config/alias default ruby-2.1.2
+ typeset __dir=/Users/abalonperin/dotfiles/rvm/rvm/config
+ [[ -f /Users/abalonperin/dotfiles/rvm/rvm/config/alias ]]
+ __rvm_db_remove /Users/abalonperin/dotfiles/rvm/rvm/config/alias default
+ [[ -f /Users/abalonperin/dotfiles/rvm/rvm/config/alias ]]
+ __rvm_sed -e '\#^default=# d' -e '/^$/d' /Users/abalonperin/dotfiles/rvm/rvm/config/alias
+ sed -e '\#^default=# d' -e '/^$/d' /Users/abalonperin/dotfiles/rvm/rvm/config/alias
+ mv -f /Users/abalonperin/dotfiles/rvm/rvm/config/alias.new /Users/abalonperin/dotfiles/rvm/rvm/config/alias
+ printf '%b=%b\n' default ruby-2.1.2
