[2014-04-26 18:11:04] run_gem_wrappers_regenerate
run_gem_wrappers_regenerate () 
{ 
    gem_install gem-wrappers && gem wrappers regenerate || return $?
}
current path: /web/blackbird
GEM_HOME=/Users/abalonperin/dotfiles/rvm/rvm/gems/jruby-1.6.8
PATH=/Users/abalonperin/dotfiles/rvm/rvm/gems/jruby-1.6.8/bin:/Users/abalonperin/dotfiles/rvm/rvm/rubies/jruby-1.6.8/bin:/Users/abalonperin/dotfiles/rvm/rvm/bin:/usr/local/bin:/usr/bin:/bin:/usr/sbin:/sbin
GEM_PATH=/Users/abalonperin/dotfiles/rvm/rvm/gems/jruby-1.6.8
command(1): run_gem_wrappers_regenerate
[2014-04-26 18:11:04] gem
current path: /web/blackbird
GEM_HOME=/Users/abalonperin/dotfiles/rvm/rvm/gems/jruby-1.6.8
PATH=/Users/abalonperin/dotfiles/rvm/rvm/gems/jruby-1.6.8/bin:/Users/abalonperin/dotfiles/rvm/rvm/rubies/jruby-1.6.8/bin:/Users/abalonperin/dotfiles/rvm/rvm/bin:/usr/local/bin:/usr/bin:/bin:/usr/sbin:/sbin
GEM_PATH=/Users/abalonperin/dotfiles/rvm/rvm/gems/jruby-1.6.8
command(5): gem install /Users/abalonperin/dotfiles/rvm/rvm/gem-cache/gem-wrappers-1.2.4.gem --no-ri --no-rdoc
installing gem /Users/abalonperin/dotfiles/rvm/rvm/gem-cache/gem-wrappers-1.2.4.gem --no-ri --no-rdoc
Building native extensions.  This could take a while...
Successfully installed gem-wrappers-1.2.4
1 gem installed
