[2014-01-15 17:26:34] requirements_osx_brew_update_system
requirements_osx_brew_update_system () 
{ 
    if __rvm_version_compare "${_system_version}" -ge 10.7; then
        __rvm_detect_xcode_version_at_least 4.6.2 || __CLT_version_at_least 4.6.0 || { 
            typeset ret=$?;
            rvm_error "
Xcode version older than 4.6.2 installed, download and install newer version from:

    http://connect.apple.com

After installation open Xcode, go to Downloads and install Command Line Tools.
";
            return $ret
        };
    fi;
    brew update || { 
        typeset ret=$?;
        rvm_error "Failed to update Homebrew, follow instructions here:
    https://github.com/mxcl/homebrew/wiki/Common-Issues
and make sure \`brew update\` works before continuing.";
        return $ret
    }
}
current path: /Users/abalonperin
PATH=/usr/bin:/bin:/usr/sbin:/sbin:/usr/local/bin:/Users/abalonperin/.rvm/bin
command(2): requirements_osx_brew_update_system ruby-1.8.7-p374
Already up-to-date.
