have_library: checking for main() in -lole32... -------------------- no

"/usr/local/opt/apple-gcc42/bin/gcc-4.2 -o conftest -I../.. -I../../. -I../.././ext/win32ole  -D_XOPEN_SOURCE -D_DARWIN_C_SOURCE   -O3 -I/usr/local/opt/libyaml/include -I/usr/local/opt/readline/include -I/usr/local/opt/libksba/include -I/usr/local/opt/openssl098/include  -fno-common -pipe -fno-common   conftest.c  -L. -L../.. -L. -L/usr/local/opt/libyaml/lib -L/usr/local/opt/readline/lib -L/usr/local/opt/libksba/lib -L/usr/local/opt/openssl098/lib     -lruby-static -lole32  -ldl -lobjc  "
ld: library not found for -lole32
collect2: ld returned 1 exit status
checked program was:
/* begin */
1: /*top*/
2: int main() { return 0; }
3: int t() { void ((*volatile p)()); p = (void ((*)()))main; return 0; }
/* end */

"/usr/local/opt/apple-gcc42/bin/gcc-4.2 -o conftest -I../.. -I../../. -I../.././ext/win32ole  -D_XOPEN_SOURCE -D_DARWIN_C_SOURCE   -O3 -I/usr/local/opt/libyaml/include -I/usr/local/opt/readline/include -I/usr/local/opt/libksba/include -I/usr/local/opt/openssl098/include  -fno-common -pipe -fno-common   conftest.c  -L. -L../.. -L. -L/usr/local/opt/libyaml/lib -L/usr/local/opt/readline/lib -L/usr/local/opt/libksba/lib -L/usr/local/opt/openssl098/lib     -lruby-static -lole32  -ldl -lobjc  "
ld: library not found for -lole32
collect2: ld returned 1 exit status
checked program was:
/* begin */
1: /*top*/
2: int main() { return 0; }
3: int t() { main(); return 0; }
/* end */

--------------------

