have_func: checking for iconv() in iconv.h... -------------------- no

"/usr/local/opt/apple-gcc42/bin/gcc-4.2 -o conftest -I../.. -I../../. -I../.././ext/iconv  -D_XOPEN_SOURCE -D_DARWIN_C_SOURCE   -O3 -I/usr/local/opt/libyaml/include -I/usr/local/opt/readline/include -I/usr/local/opt/libksba/include -I/usr/local/opt/openssl098/include  -fno-common -pipe -fno-common   conftest.c  -L. -L../.. -L. -L/usr/local/opt/libyaml/lib -L/usr/local/opt/readline/lib -L/usr/local/opt/libksba/lib -L/usr/local/opt/openssl098/lib     -lruby-static  -ldl -lobjc  "
Undefined symbols for architecture x86_64:
  "_iconv", referenced from:
      _t in ccTqo9rh.o
ld: symbol(s) not found for architecture x86_64
collect2: ld returned 1 exit status
checked program was:
/* begin */
1: #include <iconv.h>
2: 
3: /*top*/
4: int main() { return 0; }
5: int t() { void ((*volatile p)()); p = (void ((*)()))iconv; return 0; }
/* end */

"/usr/local/opt/apple-gcc42/bin/gcc-4.2 -o conftest -I../.. -I../../. -I../.././ext/iconv  -D_XOPEN_SOURCE -D_DARWIN_C_SOURCE   -O3 -I/usr/local/opt/libyaml/include -I/usr/local/opt/readline/include -I/usr/local/opt/libksba/include -I/usr/local/opt/openssl098/include  -fno-common -pipe -fno-common   conftest.c  -L. -L../.. -L. -L/usr/local/opt/libyaml/lib -L/usr/local/opt/readline/lib -L/usr/local/opt/libksba/lib -L/usr/local/opt/openssl098/lib     -lruby-static  -ldl -lobjc  "
conftest.c: In function ‘t’:
conftest.c:5: error: too few arguments to function ‘iconv’
checked program was:
/* begin */
1: #include <iconv.h>
2: 
3: /*top*/
4: int main() { return 0; }
5: int t() { iconv(); return 0; }
/* end */

--------------------

have_library: checking for iconv() in -liconv... -------------------- yes

"/usr/local/opt/apple-gcc42/bin/gcc-4.2 -o conftest -I../.. -I../../. -I../.././ext/iconv  -D_XOPEN_SOURCE -D_DARWIN_C_SOURCE   -O3 -I/usr/local/opt/libyaml/include -I/usr/local/opt/readline/include -I/usr/local/opt/libksba/include -I/usr/local/opt/openssl098/include  -fno-common -pipe -fno-common   conftest.c  -L. -L../.. -L. -L/usr/local/opt/libyaml/lib -L/usr/local/opt/readline/lib -L/usr/local/opt/libksba/lib -L/usr/local/opt/openssl098/lib     -lruby-static -liconv  -ldl -lobjc  "
checked program was:
/* begin */
1: #include <iconv.h>
2: 
3: /*top*/
4: int main() { return 0; }
5: int t() { void ((*volatile p)()); p = (void ((*)()))iconv; return 0; }
/* end */

--------------------

checking for const of iconv() 2nd argument... -------------------- no

/usr/local/opt/apple-gcc42/bin/gcc-4.2 -E -I../.. -I../../. -I../.././ext/iconv  -D_XOPEN_SOURCE -D_DARWIN_C_SOURCE   -O3 -I/usr/local/opt/libyaml/include -I/usr/local/opt/readline/include -I/usr/local/opt/libksba/include -I/usr/local/opt/openssl098/include  -fno-common -pipe -fno-common    conftest.c  |
iconv (iconv_t ,
 char ** , size_t * ,
 char ** , size_t * );
--------------------

