have_library: checking for gdbm_open() in -lgdbm... -------------------- no

"/usr/local/bin/gcc-4.2 -o conftest -I../.. -I../../. -I../.././ext/gdbm  -D_XOPEN_SOURCE -D_DARWIN_C_SOURCE   -O3 -I/usr/local/opt/libyaml/include -I/usr/local/opt/readline/include -I/usr/local/opt/libksba/include -I/usr/local/opt/openssl098/include  -fno-common -pipe -fno-common   conftest.c  -L. -L../.. -L. -L/usr/local/opt/libyaml/lib -L/usr/local/opt/readline/lib -L/usr/local/opt/libksba/lib -L/usr/local/opt/openssl098/lib     -lruby-static -lgdbm  -ldl -lobjc  "
conftest.c: In function ‘t’:
conftest.c:3: error: ‘gdbm_open’ undeclared (first use in this function)
conftest.c:3: error: (Each undeclared identifier is reported only once
conftest.c:3: error: for each function it appears in.)
checked program was:
/* begin */
1: /*top*/
2: int main() { return 0; }
3: int t() { void ((*volatile p)()); p = (void ((*)()))gdbm_open; return 0; }
/* end */

"/usr/local/bin/gcc-4.2 -o conftest -I../.. -I../../. -I../.././ext/gdbm  -D_XOPEN_SOURCE -D_DARWIN_C_SOURCE   -O3 -I/usr/local/opt/libyaml/include -I/usr/local/opt/readline/include -I/usr/local/opt/libksba/include -I/usr/local/opt/openssl098/include  -fno-common -pipe -fno-common   conftest.c  -L. -L../.. -L. -L/usr/local/opt/libyaml/lib -L/usr/local/opt/readline/lib -L/usr/local/opt/libksba/lib -L/usr/local/opt/openssl098/lib     -lruby-static -lgdbm  -ldl -lobjc  "
ld: library not found for -lgdbm
collect2: ld returned 1 exit status
checked program was:
/* begin */
1: /*top*/
2: int main() { return 0; }
3: int t() { gdbm_open(); return 0; }
/* end */

--------------------

