have_library: checking for main() in -lcrypto... -------------------- yes

"/usr/local/bin/gcc-4.2 -o conftest -I../../.. -I../../../. -I../../.././ext/digest/md5 -I../../.././ext/digest/md5/..  -D_XOPEN_SOURCE -D_DARWIN_C_SOURCE   -O3 -I/usr/local/opt/libyaml/include -I/usr/local/opt/readline/include -I/usr/local/opt/libksba/include -I/usr/local/opt/openssl098/include  -fno-common -pipe -fno-common   conftest.c  -L. -L../../.. -L. -L/usr/local/opt/libyaml/lib -L/usr/local/opt/readline/lib -L/usr/local/opt/libksba/lib -L/usr/local/opt/openssl098/lib     -lruby-static -lcrypto  -ldl -lobjc  "
checked program was:
/* begin */
1: /*top*/
2: int main() { return 0; }
3: int t() { void ((*volatile p)()); p = (void ((*)()))main; return 0; }
/* end */

--------------------

have_header: checking for openssl/md5.h... -------------------- yes

"/usr/local/bin/gcc-4.2 -E -I../../.. -I../../../. -I../../.././ext/digest/md5 -I../../.././ext/digest/md5/..  -D_XOPEN_SOURCE -D_DARWIN_C_SOURCE   -O3 -I/usr/local/opt/libyaml/include -I/usr/local/opt/readline/include -I/usr/local/opt/libksba/include -I/usr/local/opt/openssl098/include  -fno-common -pipe -fno-common    conftest.c -o conftest.i"
checked program was:
/* begin */
1: #include <openssl/md5.h>
/* end */

--------------------

have_header: checking for sys/cdefs.h... -------------------- yes

"/usr/local/bin/gcc-4.2 -E -I../../.. -I../../../. -I../../.././ext/digest/md5 -I../../.././ext/digest/md5/..  -D_XOPEN_SOURCE -D_DARWIN_C_SOURCE   -O3 -I/usr/local/opt/libyaml/include -I/usr/local/opt/readline/include -I/usr/local/opt/libksba/include -I/usr/local/opt/openssl098/include  -fno-common -pipe -fno-common    conftest.c -o conftest.i"
checked program was:
/* begin */
1: #include <sys/cdefs.h>
/* end */

--------------------

have_header: checking for inttypes.h... -------------------- yes

"/usr/local/bin/gcc-4.2 -E -I../../.. -I../../../. -I../../.././ext/digest/md5 -I../../.././ext/digest/md5/..  -D_XOPEN_SOURCE -D_DARWIN_C_SOURCE   -O3 -I/usr/local/opt/libyaml/include -I/usr/local/opt/readline/include -I/usr/local/opt/libksba/include -I/usr/local/opt/openssl098/include  -fno-common -pipe -fno-common    conftest.c -o conftest.i"
checked program was:
/* begin */
1: #include <inttypes.h>
/* end */

--------------------

have_header: checking for unistd.h... -------------------- yes

"/usr/local/bin/gcc-4.2 -E -I../../.. -I../../../. -I../../.././ext/digest/md5 -I../../.././ext/digest/md5/..  -D_XOPEN_SOURCE -D_DARWIN_C_SOURCE   -O3 -I/usr/local/opt/libyaml/include -I/usr/local/opt/readline/include -I/usr/local/opt/libksba/include -I/usr/local/opt/openssl098/include  -fno-common -pipe -fno-common    conftest.c -o conftest.i"
checked program was:
/* begin */
1: #include <unistd.h>
/* end */

--------------------

