[2014-12-11 22:59:31] __rvm_set_executable
__rvm_set_executable () 
{ 
    for __file in "$@";
    do
        [[ -x "${__file}" ]] || chmod +x "${__file}";
    done
}
current path: /Users/abalonperin/dotfiles/rvm/rvm/src/ruby-1.8.7-head
GEM_HOME=/Users/abalonperin/dotfiles/rvm/rvm/gems/ruby-2.1.2
PATH=/Users/abalonperin/dotfiles/rvm/rvm/usr/bin:/usr/local/opt/pkg-config/bin:/usr/local/opt/libtool/bin:/usr/local/opt/automake/bin:/usr/local/opt/autoconf/bin:/Users/abalonperin/dotfiles/rvm/rvm/gems/ruby-2.1.2/bin:/Users/abalonperin/dotfiles/rvm/rvm/rubies/ruby-2.1.2/bin:/Users/abalonperin/dotfiles/rvm/rvm/bin:/Users/abalonperin/bin:/usr/local/bin:/usr/local/sbin:/opt/local/bin:/opt/local/sbin:/usr/bin:/bin:/usr/sbin:/sbin:/usr/local/bin:/usr/local/MacGPG2/bin
GEM_PATH=/Users/abalonperin/dotfiles/rvm/rvm/gems/ruby-2.1.2
command(7): __rvm_set_executable /Users/abalonperin/dotfiles/rvm/rvm/rubies/ruby-1.8.7-head/bin/erb /Users/abalonperin/dotfiles/rvm/rvm/rubies/ruby-1.8.7-head/bin/irb /Users/abalonperin/dotfiles/rvm/rvm/rubies/ruby-1.8.7-head/bin/rdoc /Users/abalonperin/dotfiles/rvm/rvm/rubies/ruby-1.8.7-head/bin/ri /Users/abalonperin/dotfiles/rvm/rvm/rubies/ruby-1.8.7-head/bin/ruby /Users/abalonperin/dotfiles/rvm/rvm/rubies/ruby-1.8.7-head/bin/testrb
++ for __file in '"$@"'
++ [[ -x /Users/abalonperin/dotfiles/rvm/rvm/rubies/ruby-1.8.7-head/bin/erb ]]
++ for __file in '"$@"'
++ [[ -x /Users/abalonperin/dotfiles/rvm/rvm/rubies/ruby-1.8.7-head/bin/irb ]]
++ for __file in '"$@"'
++ [[ -x /Users/abalonperin/dotfiles/rvm/rvm/rubies/ruby-1.8.7-head/bin/rdoc ]]
++ for __file in '"$@"'
++ [[ -x /Users/abalonperin/dotfiles/rvm/rvm/rubies/ruby-1.8.7-head/bin/ri ]]
++ for __file in '"$@"'
++ [[ -x /Users/abalonperin/dotfiles/rvm/rvm/rubies/ruby-1.8.7-head/bin/ruby ]]
++ for __file in '"$@"'
++ [[ -x /Users/abalonperin/dotfiles/rvm/rvm/rubies/ruby-1.8.7-head/bin/testrb ]]
